[ 2016-05-28T20:40:04+08:00 ] ::1 /kebiao/index.php/Application/Index/Index/id/2015210002
INFO: [ app_init ] --START--
INFO: Run Behavior\BuildLiteBehavior [ RunTime:0.000025s ]
INFO: [ app_init ] --END-- [ RunTime:0.000420s ]
ERR: 无法加载模块:Application

[ 2016-05-28T20:40:19+08:00 ] ::1 /kebiao/index.php/Index/Index/id/2015210002
INFO: [ app_init ] --START--
INFO: Run Behavior\BuildLiteBehavior [ RunTime:0.000026s ]
INFO: [ app_init ] --END-- [ RunTime:0.000412s ]
ERR: 无法加载模块:Index

[ 2016-05-28T20:41:35+08:00 ] ::1 /kebiao/index.php/Application/Index/Index/id/2015210002
INFO: [ app_init ] --START--
INFO: Run Behavior\BuildLiteBehavior [ RunTime:0.000026s ]
INFO: [ app_init ] --END-- [ RunTime:0.000421s ]
ERR: 无法加载模块:Application

[ 2016-05-28T20:42:04+08:00 ] ::1 /kebiao/index.php/Application/Home/Index/Index/id/2015210002
INFO: [ app_init ] --START--
INFO: Run Behavior\BuildLiteBehavior [ RunTime:0.000026s ]
INFO: [ app_init ] --END-- [ RunTime:0.000418s ]
ERR: 无法加载模块:Application

